<?xml version="1.0" encoding="UTF-8" ?>
<testsuite failures="0" time="0.005" errors="0" skipped="0" tests="17" name="at.ac.tuwien.inso.swtesten.util.CucumberJUnitTest">
  <properties>
[...]
</properties>
  <testcase time="0.003" classname="Scenario: Look up the definition of the Masters Course - Software Engineering &amp; Internet Computing" name="Given I want to look up the definition of the master courses at Vienna University of Technology"/>
  <testcase time="0" classname="Scenario: Look up the definition of the Masters Course - Software Engineering &amp; Internet Computing" name="When I select the Master courses in the teaching section"/>
  <testcase time="0.001" classname="Scenario: Look up the definition of the Masters Course - Software Engineering &amp; Internet Computing" name="And When I select the course &quot;Masterstudium Software Engineering &amp; Internet Computing&quot;"/>
  <testcase time="0" classname="Scenario: Look up the definition of the Masters Course - Software Engineering &amp; Internet Computing" name="Then the definition of this course is shown"/>
  <testcase time="0" classname="Scenario: Look up the definition of the Masters Course - Software Engineering &amp; Internet Computing" name="Scenario: Look up the definition of the Masters Course - Software Engineering &amp; Internet Computing"/>
  <testcase time="0" classname="Scenario: Search for Software Testen" name="Given I am on the wikipedia homepage"/>
  <testcase time="0" classname="Scenario: Search for Software Testen" name="When I select German"/>
  <testcase time="0" classname="Scenario: Search for Software Testen" name="Then the german startpage is shown with the title &quot;Willkommen bei Wikipedia&quot;"/>
  <testcase time="0" classname="Scenario: Search for Software Testen" name="And When I search for &quot;Softwaretest&quot;"/>
  <testcase time="0" classname="Scenario: Search for Software Testen" name="Then the article for a &quot;Softwaretest&quot; is shown"/>
  <testcase time="0.001" classname="Scenario: Search for Software Testen" name="Scenario: Search for Software Testen"/>
  <testcase time="0" classname="Scenario: Search for a non existing article" name="Given I am on the wikipedia homepage"/>
  <testcase time="0" classname="Scenario: Search for a non existing article" name="When I select German"/>
  <testcase time="0" classname="Scenario: Search for a non existing article" name="Then the german startpage is shown with the title &quot;Willkommen bei Wikipedia&quot;"/>
  <testcase time="0" classname="Scenario: Search for a non existing article" name="And When I search for &quot;Something else&quot;"/>
  <testcase time="0" classname="Scenario: Search for a non existing article" name="Then the article for &quot;Something else&quot; should not exist"/>
  <testcase time="0" classname="Scenario: Search for a non existing article" name="Scenario: Search for a non existing article"/>
</testsuite>